  bash arg: --throttle
  bash arg: 50
  bash arg: -p
  bash arg: eu.lepiller.nani
  bash arg: -v
  bash arg: 2000
:Monkey: seed=1676410898399 count=2000
:AllowPackage: eu.lepiller.nani
:IncludeCategory: android.intent.category.LAUNCHER
:IncludeCategory: android.intent.category.MONKEY
// Event percentages:
//   0: 15.0%
//   1: 10.0%
//   2: 2.0%
//   3: 15.0%
//   4: -0.0%
//   5: -0.0%
//   6: 25.0%
//   7: 15.0%
//   8: 2.0%
//   9: 2.0%
//   10: 1.0%
//   11: 13.0%
:Switch: #Intent;action=android.intent.action.MAIN;category=android.intent.category.LAUNCHER;launchFlags=0x10200000;component=eu.lepiller.nani/.MainActivity;end
    // Allowing start of Intent { act=android.intent.action.MAIN cat=[android.intent.category.LAUNCHER] cmp=eu.lepiller.nani/.MainActivity } in package eu.lepiller.nani
:Sending Trackball (ACTION_MOVE): 0:(0.0,-4.0)
:Sending Touch (ACTION_DOWN): 0:(195.0,658.0)
:Sending Touch (ACTION_UP): 0:(192.77382,675.3292)
:Sending Trackball (ACTION_MOVE): 0:(-3.0,1.0)
:Sending Touch (ACTION_DOWN): 0:(287.0,738.0)
:Sending Touch (ACTION_UP): 0:(238.68901,840.63)
:Sending Touch (ACTION_DOWN): 0:(672.0,1720.0)
:Sending Touch (ACTION_UP): 0:(695.40515,1713.044)
:Sending Touch (ACTION_DOWN): 0:(106.0,1127.0)
:Sending Touch (ACTION_UP): 0:(161.0623,1154.6736)
:Sending Trackball (ACTION_MOVE): 0:(3.0,-2.0)
    //[calendar_time:2023-02-12 22:20:11.392  system_uptime:47422622]
    // Sending event #100
:Sending Trackball (ACTION_UP): 0:(0.0,0.0)
:Sending Touch (ACTION_DOWN): 0:(738.0,563.0)
:Sending Touch (ACTION_UP): 0:(734.26855,573.5423)
:Sending Touch (ACTION_DOWN): 0:(165.0,500.0)
:Sending Touch (ACTION_UP): 0:(117.74844,454.06027)
:Sending Trackball (ACTION_MOVE): 0:(2.0,3.0)
:Sending Touch (ACTION_DOWN): 0:(258.0,1983.0)
:Sending Touch (ACTION_UP): 0:(229.55319,2006.2156)
:Sending Touch (ACTION_DOWN): 0:(699.0,438.0)
:Sending Touch (ACTION_UP): 0:(699.6047,439.4133)
:Sending Touch (ACTION_DOWN): 0:(995.0,1560.0)
:Sending Touch (ACTION_UP): 0:(974.11914,1572.5503)
:Sending Touch (ACTION_DOWN): 0:(1055.0,1970.0)
:Sending Touch (ACTION_UP): 0:(1003.6163,2001.2865)
:Sending Trackball (ACTION_MOVE): 0:(1.0,3.0)
:Sending Trackball (ACTION_MOVE): 0:(-5.0,-5.0)
:Sending Touch (ACTION_DOWN): 0:(571.0,1321.0)
:Sending Touch (ACTION_UP): 0:(581.1205,1324.3341)
:Sending Trackball (ACTION_MOVE): 0:(-2.0,2.0)
:Sending Trackball (ACTION_UP): 0:(0.0,0.0)
:Sending Trackball (ACTION_MOVE): 0:(-4.0,-4.0)
    //[calendar_time:2023-02-12 22:20:13.427  system_uptime:47424658]
    // Sending event #200
    // Rejecting start of Intent { act=com.android.intent.action.SHOW_BRIGHTNESS_DIALOG cmp=com.android.systemui/.settings.BrightnessDialog } in package com.android.systemui
:Switch: #Intent;action=android.intent.action.MAIN;category=android.intent.category.LAUNCHER;launchFlags=0x10200000;component=eu.lepiller.nani/.MainActivity;end
    // Allowing start of Intent { act=android.intent.action.MAIN cat=[android.intent.category.LAUNCHER] cmp=eu.lepiller.nani/.MainActivity } in package eu.lepiller.nani
:Sending Touch (ACTION_DOWN): 0:(998.0,1596.0)
:Sending Touch (ACTION_UP): 0:(1005.4655,1591.5818)
:Sending Touch (ACTION_DOWN): 0:(702.0,326.0)
:Sending Touch (ACTION_UP): 0:(791.2353,419.01544)
:Sending Trackball (ACTION_MOVE): 0:(-4.0,-2.0)
:Sending Touch (ACTION_DOWN): 0:(160.0,574.0)
:Sending Touch (ACTION_UP): 0:(164.27357,574.0936)
:Sending Trackball (ACTION_MOVE): 0:(-3.0,3.0)
:Switch: #Intent;action=android.intent.action.MAIN;category=android.intent.category.LAUNCHER;launchFlags=0x10200000;component=eu.lepiller.nani/.MainActivity;end
    // Allowing start of Intent { act=android.intent.action.MAIN cat=[android.intent.category.LAUNCHER] cmp=eu.lepiller.nani/.MainActivity } in package eu.lepiller.nani
    // Rejecting start of Intent { act=android.intent.action.ASSIST cmp=com.google.android.googlequicksearchbox/.SearchActivity } in package com.google.android.googlequicksearchbox
:Sending Touch (ACTION_DOWN): 0:(906.0,286.0)
:Sending Touch (ACTION_UP): 0:(892.32,288.6932)
    // Allowing start of Intent { cmp=eu.lepiller.nani/.MainActivity } in package eu.lepiller.nani
:Sending Touch (ACTION_DOWN): 0:(971.0,1223.0)
:Sending Touch (ACTION_UP): 0:(963.3261,1226.4462)
:Switch: #Intent;action=android.intent.action.MAIN;category=android.intent.category.LAUNCHER;launchFlags=0x10200000;component=eu.lepiller.nani/.MainActivity;end
    // Allowing start of Intent { act=android.intent.action.MAIN cat=[android.intent.category.LAUNCHER] cmp=eu.lepiller.nani/.MainActivity } in package eu.lepiller.nani
:Sending Touch (ACTION_DOWN): 0:(611.0,1369.0)
:Sending Touch (ACTION_UP): 0:(601.9501,1369.6566)
:Sending Touch (ACTION_DOWN): 0:(535.0,174.0)
    //[calendar_time:2023-02-12 22:20:19.620  system_uptime:47430850]
    // Sending event #300
:Sending Touch (ACTION_UP): 0:(523.71533,140.6074)
:Sending Trackball (ACTION_MOVE): 0:(0.0,2.0)
:Sending Touch (ACTION_DOWN): 0:(552.0,928.0)
:Sending Touch (ACTION_UP): 0:(572.2287,935.5786)
:Sending Touch (ACTION_DOWN): 0:(176.0,1269.0)
:Sending Touch (ACTION_UP): 0:(141.83565,1225.7855)
:Sending Touch (ACTION_DOWN): 0:(551.0,2051.0)
:Sending Touch (ACTION_UP): 0:(554.6221,2032.9762)
:Sending Touch (ACTION_DOWN): 0:(413.0,177.0)
:Sending Touch (ACTION_UP): 0:(410.88773,193.49908)
:Sending Touch (ACTION_DOWN): 0:(423.0,1056.0)
:Sending Touch (ACTION_UP): 0:(438.86978,1058.9132)
:Sending Touch (ACTION_DOWN): 0:(93.0,847.0)
:Sending Touch (ACTION_UP): 0:(93.14862,859.3216)
:Sending Touch (ACTION_DOWN): 0:(212.0,1783.0)
:Sending Touch (ACTION_UP): 0:(213.32675,1765.3723)
:Sending Touch (ACTION_DOWN): 0:(369.0,2036.0)
:Sending Touch (ACTION_UP): 0:(374.37552,2032.3552)
:Sending Touch (ACTION_DOWN): 0:(227.0,1597.0)
:Sending Touch (ACTION_UP): 0:(217.64178,1594.8491)
:Sending Trackball (ACTION_MOVE): 0:(-4.0,2.0)
:Sending Touch (ACTION_DOWN): 0:(73.0,1632.0)
:Sending Touch (ACTION_UP): 0:(74.96047,1637.5455)
:Sending Touch (ACTION_DOWN): 0:(571.0,1407.0)
:Sending Touch (ACTION_UP): 0:(650.92535,1424.611)
:Sending Trackball (ACTION_MOVE): 0:(3.0,-3.0)
:Sending Touch (ACTION_DOWN): 0:(997.0,429.0)
    //[calendar_time:2023-02-12 22:20:23.011  system_uptime:47434241]
    // Sending event #400
:Sending Touch (ACTION_UP): 0:(957.5245,370.46515)
:Sending Touch (ACTION_DOWN): 0:(445.0,1398.0)
:Sending Touch (ACTION_UP): 0:(416.37332,1450.8839)
:Sending Touch (ACTION_DOWN): 0:(918.0,1519.0)
:Sending Touch (ACTION_UP): 0:(927.7539,1518.6226)
:Sending Touch (ACTION_DOWN): 0:(853.0,1901.0)
:Sending Touch (ACTION_UP): 0:(856.00385,1904.0743)
:Sending Touch (ACTION_DOWN): 0:(372.0,507.0)
:Sending Touch (ACTION_UP): 0:(467.59677,462.19998)
:Sending Touch (ACTION_DOWN): 0:(72.0,1229.0)
:Sending Touch (ACTION_UP): 0:(54.24935,1232.8534)
:Sending Trackball (ACTION_MOVE): 0:(-3.0,4.0)
:Sending Touch (ACTION_DOWN): 0:(144.0,1792.0)
:Sending Touch (ACTION_UP): 0:(131.66237,1771.7217)
:Sending Touch (ACTION_DOWN): 0:(143.0,1345.0)
:Sending Touch (ACTION_UP): 0:(121.174225,1382.1683)
:Sending Touch (ACTION_DOWN): 0:(505.0,1329.0)
:Sending Touch (ACTION_UP): 0:(462.41815,1314.1204)
:Sending Trackball (ACTION_MOVE): 0:(-4.0,4.0)
    //[calendar_time:2023-02-12 22:20:26.120  system_uptime:47437350]
    // Sending event #500
:Sending Trackball (ACTION_MOVE): 0:(2.0,-4.0)
:Sending Trackball (ACTION_MOVE): 0:(-2.0,2.0)
:Sending Trackball (ACTION_MOVE): 0:(-1.0,-2.0)
:Sending Trackball (ACTION_MOVE): 0:(-4.0,-3.0)
:Sending Touch (ACTION_DOWN): 0:(949.0,631.0)
:Sending Touch (ACTION_UP): 0:(949.2435,624.1165)
:Sending Touch (ACTION_DOWN): 0:(269.0,1678.0)
:Sending Touch (ACTION_UP): 0:(312.7089,1714.2173)
:Sending Touch (ACTION_DOWN): 0:(37.0,1480.0)
:Sending Touch (ACTION_UP): 0:(35.840343,1485.746)
:Sending Touch (ACTION_DOWN): 0:(685.0,1264.0)
:Sending Touch (ACTION_UP): 0:(687.7346,1265.8396)
:Sending Flip keyboardOpen=false
:Sending Trackball (ACTION_MOVE): 0:(2.0,-3.0)
:Sending Trackball (ACTION_UP): 0:(0.0,0.0)
:Sending Touch (ACTION_DOWN): 0:(1048.0,379.0)
:Sending Touch (ACTION_UP): 0:(957.1418,342.71677)
:Sending Touch (ACTION_DOWN): 0:(609.0,1178.0)
:Sending Touch (ACTION_UP): 0:(525.67993,1107.1613)
    //[calendar_time:2023-02-12 22:20:27.744  system_uptime:47438974]
    // Sending event #600
    // Rejecting start of Intent { act=android.intent.action.MAIN cat=[android.intent.category.LAUNCHER] cmp=com.google.android.calendar/com.android.calendar.AllInOneActivity } in package com.google.android.calendar
:Switch: #Intent;action=android.intent.action.MAIN;category=android.intent.category.LAUNCHER;launchFlags=0x10200000;component=eu.lepiller.nani/.MainActivity;end
    // Allowing start of Intent { act=android.intent.action.MAIN cat=[android.intent.category.LAUNCHER] cmp=eu.lepiller.nani/.MainActivity } in package eu.lepiller.nani
:Sending Touch (ACTION_DOWN): 0:(872.0,668.0)
:Sending Touch (ACTION_UP): 0:(892.45154,662.70404)
:Sending Touch (ACTION_DOWN): 0:(346.0,1004.0)
:Sending Touch (ACTION_UP): 0:(345.79312,1002.09143)
:Sending Trackball (ACTION_MOVE): 0:(3.0,1.0)
:Sending Trackball (ACTION_MOVE): 0:(-3.0,1.0)
:Sending Trackball (ACTION_MOVE): 0:(-5.0,0.0)
:Sending Flip keyboardOpen=true
:Sending Trackball (ACTION_MOVE): 0:(-3.0,-3.0)
:Sending Trackball (ACTION_MOVE): 0:(2.0,3.0)
:Sending Touch (ACTION_DOWN): 0:(20.0,701.0)
:Sending Touch (ACTION_UP): 0:(29.82633,700.58093)
:Sending Touch (ACTION_DOWN): 0:(888.0,1825.0)
:Sending Touch (ACTION_UP): 0:(882.3992,1824.0245)
:Sending Touch (ACTION_DOWN): 0:(1053.0,1202.0)
:Sending Touch (ACTION_UP): 0:(1050.7208,1210.7688)
:Sending Touch (ACTION_DOWN): 0:(283.0,1444.0)
:Sending Touch (ACTION_UP): 0:(312.17578,1437.9829)
    // Allowing start of Intent { cmp=eu.lepiller.nani/.MainActivity } in package eu.lepiller.nani
    // activityResuming(eu.lepiller.nani)
:Sending Touch (ACTION_DOWN): 0:(841.0,48.0)
:Sending Touch (ACTION_UP): 0:(862.966,100.74303)
:Sending Trackball (ACTION_MOVE): 0:(4.0,-2.0)
    //[calendar_time:2023-02-12 22:20:30.902  system_uptime:47442132]
    // Sending event #700
    // Injection Failed
:Sending Trackball (ACTION_MOVE): 0:(-3.0,-5.0)
:Sending Trackball (ACTION_MOVE): 0:(4.0,1.0)
:Sending Touch (ACTION_DOWN): 0:(960.0,171.0)
:Sending Touch (ACTION_UP): 0:(943.98834,129.57141)
:Sending Trackball (ACTION_MOVE): 0:(2.0,2.0)
:Sending Trackball (ACTION_MOVE): 0:(-4.0,2.0)
:Sending Trackball (ACTION_UP): 0:(0.0,0.0)
:Sending Touch (ACTION_DOWN): 0:(817.0,756.0)
:Sending Touch (ACTION_UP): 0:(817.5552,693.17725)
:Sending Touch (ACTION_DOWN): 0:(828.0,1902.0)
:Sending Touch (ACTION_UP): 0:(811.06464,1903.4865)
:Sending Touch (ACTION_DOWN): 0:(817.0,1824.0)
:Sending Touch (ACTION_UP): 0:(791.5644,1808.7394)
    //[calendar_time:2023-02-12 22:20:33.026  system_uptime:47444256]
    // Sending event #800
:Sending Touch (ACTION_DOWN): 0:(720.0,1911.0)
:Sending Touch (ACTION_UP): 0:(727.58545,1914.8768)
:Sending Touch (ACTION_DOWN): 0:(637.0,955.0)
:Sending Touch (ACTION_UP): 0:(637.24634,951.4047)
:Sending Trackball (ACTION_MOVE): 0:(1.0,0.0)
    // Allowing start of Intent { cmp=eu.lepiller.nani/.DictionaryActivity } in package eu.lepiller.nani
:Sending Touch (ACTION_DOWN): 0:(151.0,722.0)
:Sending Touch (ACTION_UP): 0:(146.93462,729.94025)
:Sending Touch (ACTION_DOWN): 0:(144.0,211.0)
:Sending Touch (ACTION_UP): 0:(164.90277,214.60231)
:Sending Touch (ACTION_DOWN): 0:(483.0,625.0)
:Sending Touch (ACTION_UP): 0:(474.40912,620.2173)
:Sending Trackball (ACTION_MOVE): 0:(0.0,-3.0)
:Sending Touch (ACTION_DOWN): 0:(758.0,1832.0)
:Sending Touch (ACTION_UP): 0:(738.7083,1838.7312)
    // Allowing start of Intent { cmp=eu.lepiller.nani/.DictionaryDownloadActivity } in package eu.lepiller.nani
:Sending Touch (ACTION_DOWN): 0:(150.0,153.0)
:Sending Touch (ACTION_UP): 0:(98.47957,227.13792)
:Sending Touch (ACTION_DOWN): 0:(670.0,1873.0)
:Sending Touch (ACTION_UP): 0:(670.58136,1878.7345)
:Sending Flip keyboardOpen=false
:Sending Touch (ACTION_DOWN): 0:(834.0,414.0)
:Sending Touch (ACTION_UP): 0:(961.0918,340.8144)
    // Allowing start of Intent { cmp=eu.lepiller.nani/.DictionaryDownloadActivity } in package eu.lepiller.nani
:Sending Touch (ACTION_DOWN): 0:(615.0,1154.0)
:Sending Touch (ACTION_UP): 0:(592.7687,1169.7812)
:Sending Touch (ACTION_DOWN): 0:(961.0,230.0)
:Sending Touch (ACTION_UP): 0:(946.7271,218.34186)
:Sending Touch (ACTION_DOWN): 0:(1019.0,1745.0)
:Sending Touch (ACTION_UP): 0:(1023.8702,1755.307)
:Switch: #Intent;action=android.intent.action.MAIN;category=android.intent.category.LAUNCHER;launchFlags=0x10200000;component=eu.lepiller.nani/.MainActivity;end
    // Allowing start of Intent { act=android.intent.action.MAIN cat=[android.intent.category.LAUNCHER] cmp=eu.lepiller.nani/.MainActivity } in package eu.lepiller.nani
:Sending Touch (ACTION_DOWN): 0:(190.0,226.0)
    //[calendar_time:2023-02-12 22:20:39.918  system_uptime:47451148]
    // Sending event #900
:Sending Touch (ACTION_UP): 0:(192.19878,205.84619)
:Sending Touch (ACTION_DOWN): 0:(174.0,828.0)
:Sending Touch (ACTION_UP): 0:(172.52399,836.28534)
:Sending Trackball (ACTION_MOVE): 0:(3.0,-1.0)
:Sending Touch (ACTION_DOWN): 0:(835.0,1892.0)
:Sending Touch (ACTION_UP): 0:(844.541,1889.3329)
    // Rejecting start of Intent { act=android.intent.action.ASSIST cmp=com.google.android.googlequicksearchbox/.SearchActivity } in package com.google.android.googlequicksearchbox
:Sending Touch (ACTION_DOWN): 0:(874.0,2034.0)
:Sending Touch (ACTION_UP): 0:(878.95447,2029.7697)
:Sending Trackball (ACTION_MOVE): 0:(-2.0,0.0)
:Sending Trackball (ACTION_MOVE): 0:(1.0,0.0)
:Sending Trackball (ACTION_UP): 0:(0.0,0.0)
    // Allowing start of Intent { cmp=eu.lepiller.nani/.MainActivity } in package eu.lepiller.nani
:Sending Trackball (ACTION_MOVE): 0:(0.0,3.0)
:Sending Touch (ACTION_DOWN): 0:(113.0,362.0)
:Sending Touch (ACTION_UP): 0:(95.44014,301.40457)
:Sending Touch (ACTION_DOWN): 0:(949.0,648.0)
:Sending Touch (ACTION_UP): 0:(948.002,655.33453)
:Sending Touch (ACTION_DOWN): 0:(100.0,542.0)
:Sending Touch (ACTION_UP): 0:(100.9282,560.6388)
:Sending Touch (ACTION_DOWN): 0:(392.0,704.0)
:Sending Touch (ACTION_UP): 0:(390.72552,700.6337)
:Sending Touch (ACTION_DOWN): 0:(486.0,1436.0)
    //[calendar_time:2023-02-12 22:20:44.523  system_uptime:47455754]
    // Sending event #1000
:Sending Touch (ACTION_UP): 0:(392.5005,1537.5472)
:Sending Touch (ACTION_DOWN): 0:(591.0,1428.0)
:Sending Touch (ACTION_UP): 0:(643.9332,1487.0907)
:Sending Touch (ACTION_DOWN): 0:(229.0,1262.0)
:Sending Touch (ACTION_UP): 0:(311.97763,1172.1029)
:Sending Touch (ACTION_DOWN): 0:(974.0,1756.0)
:Sending Touch (ACTION_UP): 0:(896.5008,1758.071)
:Sending Touch (ACTION_DOWN): 0:(332.0,481.0)
:Sending Touch (ACTION_UP): 0:(318.54865,488.3115)
:Sending Touch (ACTION_DOWN): 0:(692.0,278.0)
:Sending Touch (ACTION_UP): 0:(661.1525,302.2189)
:Sending Touch (ACTION_DOWN): 0:(332.0,1694.0)
:Sending Touch (ACTION_UP): 0:(243.73245,1718.7793)
:Sending Touch (ACTION_DOWN): 0:(518.0,1032.0)
:Sending Touch (ACTION_UP): 0:(538.2346,1023.4714)
:Sending Trackball (ACTION_MOVE): 0:(-1.0,-4.0)
:Sending Touch (ACTION_DOWN): 0:(398.0,1256.0)
:Sending Touch (ACTION_UP): 0:(390.51245,1233.0978)
:Sending Touch (ACTION_DOWN): 0:(910.0,1219.0)
:Sending Touch (ACTION_UP): 0:(876.3645,1302.261)
:Sending Touch (ACTION_DOWN): 0:(529.0,996.0)
:Sending Touch (ACTION_UP): 0:(527.7892,996.9681)
:Sending Trackball (ACTION_MOVE): 0:(4.0,3.0)
    //[calendar_time:2023-02-12 22:20:46.821  system_uptime:47458052]
    // Sending event #1100
:Sending Touch (ACTION_DOWN): 0:(965.0,87.0)
:Sending Touch (ACTION_UP): 0:(963.5357,87.04567)
:Sending Trackball (ACTION_MOVE): 0:(0.0,-2.0)
:Sending Trackball (ACTION_MOVE): 0:(3.0,4.0)
:Sending Touch (ACTION_DOWN): 0:(920.0,2080.0)
:Sending Touch (ACTION_UP): 0:(907.3577,2071.8462)
:Sending Touch (ACTION_DOWN): 0:(728.0,1672.0)
:Sending Touch (ACTION_UP): 0:(711.029,1663.5963)
:Sending Trackball (ACTION_MOVE): 0:(4.0,3.0)
:Sending Trackball (ACTION_MOVE): 0:(-4.0,0.0)
:Sending Trackball (ACTION_MOVE): 0:(2.0,4.0)
:Sending Touch (ACTION_DOWN): 0:(860.0,1351.0)
:Sending Touch (ACTION_UP): 0:(860.0961,1353.054)
:Sending Touch (ACTION_DOWN): 0:(223.0,568.0)
:Sending Touch (ACTION_UP): 0:(272.61826,545.2453)
:Sending Touch (ACTION_DOWN): 0:(264.0,1482.0)
:Sending Touch (ACTION_UP): 0:(263.79428,1495.5404)
:Sending Trackball (ACTION_MOVE): 0:(-1.0,-4.0)
:Sending Trackball (ACTION_UP): 0:(0.0,0.0)
:Sending Trackball (ACTION_MOVE): 0:(-1.0,3.0)
    //[calendar_time:2023-02-12 22:20:49.382  system_uptime:47460612]
    // Sending event #1200
:Sending Touch (ACTION_DOWN): 0:(452.0,1575.0)
:Sending Touch (ACTION_UP): 0:(431.56213,1591.332)
:Sending Touch (ACTION_DOWN): 0:(281.0,1949.0)
:Sending Touch (ACTION_UP): 0:(287.14014,1933.0979)
:Sending Touch (ACTION_DOWN): 0:(893.0,399.0)
:Sending Touch (ACTION_UP): 0:(884.99115,425.86734)
:Sending Touch (ACTION_DOWN): 0:(834.0,300.0)
:Sending Touch (ACTION_UP): 0:(840.2057,293.77243)
:Sending Touch (ACTION_DOWN): 0:(754.0,1154.0)
:Sending Touch (ACTION_UP): 0:(754.51904,1153.528)
:Sending Touch (ACTION_DOWN): 0:(788.0,1986.0)
:Sending Touch (ACTION_UP): 0:(803.8922,1998.0404)
:Sending Flip keyboardOpen=true
:Sending Trackball (ACTION_MOVE): 0:(1.0,0.0)
:Sending Trackball (ACTION_MOVE): 0:(2.0,-2.0)
:Sending Trackball (ACTION_MOVE): 0:(3.0,-1.0)
:Sending Trackball (ACTION_MOVE): 0:(3.0,-2.0)
:Sending Touch (ACTION_DOWN): 0:(927.0,1539.0)
:Sending Touch (ACTION_UP): 0:(925.4587,1544.6682)
:Sending Trackball (ACTION_MOVE): 0:(-3.0,-4.0)
    //[calendar_time:2023-02-12 22:20:53.197  system_uptime:47464427]
    // Sending event #1300
:Sending Flip keyboardOpen=false
:Sending Touch (ACTION_DOWN): 0:(388.0,1995.0)
:Sending Touch (ACTION_UP): 0:(390.3159,1982.581)
:Sending Touch (ACTION_DOWN): 0:(6.0,1094.0)
:Sending Touch (ACTION_UP): 0:(0.0,1091.7521)
:Sending Touch (ACTION_DOWN): 0:(227.0,761.0)
:Sending Touch (ACTION_UP): 0:(236.36147,868.6535)
:Sending Touch (ACTION_DOWN): 0:(578.0,1381.0)
:Sending Touch (ACTION_UP): 0:(502.68985,1278.0273)
:Sending Trackball (ACTION_MOVE): 0:(-5.0,-4.0)
:Sending Touch (ACTION_DOWN): 0:(269.0,373.0)
:Sending Touch (ACTION_UP): 0:(271.93365,365.61)
:Sending Trackball (ACTION_MOVE): 0:(-5.0,-5.0)
:Sending Touch (ACTION_DOWN): 0:(985.0,2001.0)
    //[calendar_time:2023-02-12 22:20:56.573  system_uptime:47467803]
    // Sending event #1400
:Sending Touch (ACTION_UP): 0:(970.10736,2109.0)
    // Allowing start of Intent { cmp=eu.lepiller.nani/.MainActivity } in package eu.lepiller.nani
:Sending Trackball (ACTION_MOVE): 0:(0.0,-1.0)
:Sending Touch (ACTION_DOWN): 0:(428.0,894.0)
:Sending Touch (ACTION_UP): 0:(442.74286,900.1498)
:Sending Touch (ACTION_DOWN): 0:(178.0,435.0)
:Sending Touch (ACTION_UP): 0:(136.2468,359.45328)
:Sending Touch (ACTION_DOWN): 0:(244.0,1793.0)
    // Injection Failed
    // Injection Failed
    // Injection Failed
:Sending Touch (ACTION_UP): 0:(269.67673,1778.4945)
    // Injection Failed
:Sending Touch (ACTION_DOWN): 0:(1023.0,1633.0)
:Sending Touch (ACTION_UP): 0:(1010.5364,1631.763)
:Sending Touch (ACTION_DOWN): 0:(276.0,149.0)
:Sending Touch (ACTION_UP): 0:(276.39847,151.57834)
:Sending Touch (ACTION_DOWN): 0:(173.0,1381.0)
:Sending Touch (ACTION_UP): 0:(180.58577,1372.5272)
:Sending Touch (ACTION_DOWN): 0:(54.0,500.0)
:Sending Touch (ACTION_UP): 0:(56.412895,490.53235)
:Sending Touch (ACTION_DOWN): 0:(108.0,1417.0)
:Sending Touch (ACTION_UP): 0:(124.78947,1334.1805)
:Sending Touch (ACTION_DOWN): 0:(1034.0,1502.0)
:Sending Touch (ACTION_UP): 0:(997.4181,1450.959)
:Sending Touch (ACTION_DOWN): 0:(903.0,916.0)
:Sending Touch (ACTION_UP): 0:(891.9854,916.85767)
:Sending Touch (ACTION_DOWN): 0:(1058.0,182.0)
:Sending Touch (ACTION_UP): 0:(1061.5665,180.67874)
:Sending Touch (ACTION_DOWN): 0:(618.0,1269.0)
:Sending Touch (ACTION_UP): 0:(730.2806,1348.447)
:Sending Trackball (ACTION_MOVE): 0:(4.0,-3.0)
    //[calendar_time:2023-02-12 22:21:00.898  system_uptime:47472131]
    // Sending event #1500
:Sending Touch (ACTION_DOWN): 0:(687.0,1111.0)
:Sending Touch (ACTION_UP): 0:(704.51263,1120.8638)
:Sending Trackball (ACTION_MOVE): 0:(0.0,-4.0)
:Sending Touch (ACTION_DOWN): 0:(761.0,1598.0)
:Sending Touch (ACTION_UP): 0:(761.77356,1597.6116)
:Sending Flip keyboardOpen=true
:Sending Touch (ACTION_DOWN): 0:(1006.0,1992.0)
:Sending Touch (ACTION_UP): 0:(1000.00323,2005.1201)
:Sending Touch (ACTION_DOWN): 0:(1024.0,435.0)
:Sending Touch (ACTION_UP): 0:(1013.20807,426.25146)
:Sending Trackball (ACTION_MOVE): 0:(-1.0,2.0)
:Sending Trackball (ACTION_MOVE): 0:(4.0,3.0)
:Sending Touch (ACTION_DOWN): 0:(299.0,878.0)
:Sending Touch (ACTION_UP): 0:(338.07587,825.71246)
:Sending Trackball (ACTION_MOVE): 0:(-3.0,0.0)
:Sending Trackball (ACTION_MOVE): 0:(3.0,2.0)
:Sending Trackball (ACTION_UP): 0:(0.0,0.0)
:Sending Touch (ACTION_DOWN): 0:(138.0,539.0)
:Sending Touch (ACTION_UP): 0:(125.99065,539.8848)
:Sending Trackball (ACTION_MOVE): 0:(1.0,-2.0)
    //[calendar_time:2023-02-12 22:21:04.090  system_uptime:47475321]
    // Sending event #1600
:Sending Trackball (ACTION_MOVE): 0:(0.0,-4.0)
:Sending Trackball (ACTION_MOVE): 0:(0.0,-1.0)
:Sending Touch (ACTION_DOWN): 0:(581.0,469.0)
:Sending Touch (ACTION_UP): 0:(577.9502,469.3939)
:Sending Touch (ACTION_DOWN): 0:(259.0,492.0)
:Sending Touch (ACTION_UP): 0:(272.18784,553.2236)
:Sending Touch (ACTION_DOWN): 0:(755.0,332.0)
:Sending Touch (ACTION_UP): 0:(774.4448,326.33234)
:Sending Touch (ACTION_DOWN): 0:(966.0,577.0)
:Sending Touch (ACTION_UP): 0:(960.96185,566.1322)
:Sending Trackball (ACTION_MOVE): 0:(-2.0,-5.0)
:Sending Flip keyboardOpen=false
:Sending Touch (ACTION_DOWN): 0:(824.0,37.0)
:Sending Touch (ACTION_UP): 0:(824.4031,21.636662)
:Sending Trackball (ACTION_MOVE): 0:(2.0,0.0)
    //[calendar_time:2023-02-12 22:21:09.293  system_uptime:47480523]
    // Sending event #1700
    //[calendar_time:2023-02-12 22:21:09.413  system_uptime:47480643]
    // Sending event #1700
:Sending Touch (ACTION_DOWN): 0:(1035.0,879.0)
:Sending Touch (ACTION_UP): 0:(1015.4408,881.52655)
:Sending Touch (ACTION_DOWN): 0:(239.0,869.0)
:Sending Touch (ACTION_UP): 0:(217.516,872.6092)
:Sending Trackball (ACTION_MOVE): 0:(-2.0,0.0)
:Sending Touch (ACTION_DOWN): 0:(1079.0,264.0)
:Sending Touch (ACTION_UP): 0:(1079.7166,262.1321)
:Sending Trackball (ACTION_MOVE): 0:(2.0,3.0)
    // Allowing start of Intent { cmp=eu.lepiller.nani/.MainActivity } in package eu.lepiller.nani
:Sending Trackball (ACTION_UP): 0:(0.0,0.0)
:Sending Trackball (ACTION_MOVE): 0:(-2.0,-2.0)
:Switch: #Intent;action=android.intent.action.MAIN;category=android.intent.category.LAUNCHER;launchFlags=0x10200000;component=eu.lepiller.nani/.MainActivity;end
    // Allowing start of Intent { act=android.intent.action.MAIN cat=[android.intent.category.LAUNCHER] cmp=eu.lepiller.nani/.MainActivity } in package eu.lepiller.nani
:Sending Touch (ACTION_DOWN): 0:(906.0,1208.0)
:Sending Touch (ACTION_UP): 0:(931.6831,1212.5151)
:Sending Trackball (ACTION_MOVE): 0:(1.0,3.0)
:Sending Touch (ACTION_DOWN): 0:(799.0,1116.0)
:Sending Touch (ACTION_UP): 0:(794.5842,1118.2585)
:Sending Touch (ACTION_DOWN): 0:(227.0,64.0)
:Sending Touch (ACTION_UP): 0:(239.98882,42.716137)
:Sending Touch (ACTION_DOWN): 0:(165.0,1855.0)
:Sending Touch (ACTION_UP): 0:(183.88577,1850.6367)
:Sending Trackball (ACTION_MOVE): 0:(-5.0,-4.0)
    //[calendar_time:2023-02-12 22:21:15.433  system_uptime:47486663]
    // Sending event #1800
:Sending Touch (ACTION_DOWN): 0:(65.0,338.0)
:Sending Touch (ACTION_UP): 0:(63.38388,327.21228)
:Sending Touch (ACTION_DOWN): 0:(603.0,1924.0)
:Sending Touch (ACTION_UP): 0:(602.014,1924.2902)
    // Allowing start of Intent { act=android.intent.action.MAIN cat=[android.intent.category.HOME] cmp=com.google.android.apps.nexuslauncher/.NexusLauncherActivity } in package com.google.android.apps.nexuslauncher
:Sending Trackball (ACTION_MOVE): 0:(4.0,-3.0)
:Sending Trackball (ACTION_MOVE): 0:(2.0,4.0)
:Sending Touch (ACTION_DOWN): 0:(8.0,232.0)
:Sending Touch (ACTION_UP): 0:(0.0,218.39017)
:Sending Touch (ACTION_DOWN): 0:(58.0,995.0)
:Sending Touch (ACTION_UP): 0:(70.091774,1046.4885)
:Sending Touch (ACTION_DOWN): 0:(992.0,1014.0)
:Sending Touch (ACTION_UP): 0:(944.44446,1136.4991)
:Sending Touch (ACTION_DOWN): 0:(589.0,1437.0)
:Sending Touch (ACTION_UP): 0:(587.75934,1465.9093)
:Sending Touch (ACTION_DOWN): 0:(739.0,713.0)
:Sending Touch (ACTION_UP): 0:(729.73346,716.86957)
:Sending Touch (ACTION_DOWN): 0:(351.0,1933.0)
:Sending Touch (ACTION_UP): 0:(232.28104,1828.0741)
    // Rejecting start of Intent { act=android.intent.action.MAIN cat=[android.intent.category.LAUNCHER] cmp=com.google.android.apps.messaging/.ui.ConversationListActivity } in package com.google.android.apps.messaging
    //[calendar_time:2023-02-12 22:21:24.074  system_uptime:47495304]
    // Sending event #1900
:Sending Touch (ACTION_DOWN): 0:(312.0,783.0)
:Sending Touch (ACTION_UP): 0:(305.78638,763.7958)
:Sending Touch (ACTION_DOWN): 0:(798.0,717.0)
:Sending Touch (ACTION_UP): 0:(812.5919,711.46204)
:Sending Touch (ACTION_DOWN): 0:(83.0,1286.0)
:Sending Touch (ACTION_UP): 0:(86.09242,1286.0431)
:Sending Touch (ACTION_DOWN): 0:(274.0,456.0)
:Sending Touch (ACTION_UP): 0:(276.02374,444.91922)
:Sending Touch (ACTION_DOWN): 0:(685.0,100.0)
:Sending Touch (ACTION_UP): 0:(685.26636,98.697296)
:Sending Trackball (ACTION_MOVE): 0:(0.0,-3.0)
:Sending Touch (ACTION_DOWN): 0:(47.0,911.0)
    // Allowing start of Intent { cmp=eu.lepiller.nani/.MainActivity } in package eu.lepiller.nani
:Sending Touch (ACTION_UP): 0:(138.3595,834.90137)
:Sending Trackball (ACTION_MOVE): 0:(4.0,-4.0)
:Sending Trackball (ACTION_UP): 0:(0.0,0.0)
:Sending Touch (ACTION_DOWN): 0:(174.0,918.0)
:Sending Touch (ACTION_UP): 0:(188.47585,928.5967)
    // Injection Failed
:Sending Touch (ACTION_DOWN): 0:(82.0,1334.0)
:Sending Touch (ACTION_UP): 0:(80.87136,1332.0411)
    // Rejecting start of Intent { cmp=com.github.uiautomator/.MainActivity } in package com.github.uiautomator
    // Rejecting start of Intent { cmp=a2dp.Vol/.main } in package a2dp.Vol
:Sending Touch (ACTION_DOWN): 0:(32.0,1256.0)
:Sending Touch (ACTION_UP): 0:(26.982668,1256.0133)
:Sending Touch (ACTION_DOWN): 0:(975.0,1629.0)
:Sending Touch (ACTION_UP): 0:(943.2102,1562.3209)
:Sending Touch (ACTION_DOWN): 0:(986.0,304.0)
    // Injection Failed
    // Injection Failed
:Sending Touch (ACTION_UP): 0:(983.70825,259.8189)
    // Injection Failed
:Sending Touch (ACTION_DOWN): 0:(144.0,522.0)
:Sending Touch (ACTION_UP): 0:(141.23352,520.8971)
:Sending Touch (ACTION_DOWN): 0:(924.0,514.0)
:Sending Touch (ACTION_UP): 0:(921.55164,516.04205)
Events injected: 2000
:Sending rotation degree=0, persist=false
:Dropped: keys=2 pointers=7 trackballs=0 flips=0 rotations=0
## Network stats: elapsed time=85415ms (0ms mobile, 0ms wifi, 85415ms not connected)
// Monkey finished
