  bash arg: --throttle
  bash arg: 50
  bash arg: -p
  bash arg: rodrigodavy.com.github.pixelartist
  bash arg: -v
  bash arg: 2000
:Monkey: seed=1676184158552 count=2000
:AllowPackage: rodrigodavy.com.github.pixelartist
:IncludeCategory: android.intent.category.LAUNCHER
:IncludeCategory: android.intent.category.MONKEY
// Event percentages:
//   0: 15.0%
//   1: 10.0%
//   2: 2.0%
//   3: 15.0%
//   4: -0.0%
//   5: -0.0%
//   6: 25.0%
//   7: 15.0%
//   8: 2.0%
//   9: 2.0%
//   10: 1.0%
//   11: 13.0%
:Switch: #Intent;action=android.intent.action.MAIN;category=android.intent.category.LAUNCHER;launchFlags=0x10200000;component=rodrigodavy.com.github.pixelartist/.MainActivity;end
    // Allowing start of Intent { act=android.intent.action.MAIN cat=[android.intent.category.LAUNCHER] cmp=rodrigodavy.com.github.pixelartist/.MainActivity } in package rodrigodavy.com.github.pixelartist
:Sending Trackball (ACTION_MOVE): 0:(-2.0,-2.0)
:Sending Touch (ACTION_DOWN): 0:(49.0,1841.0)
:Sending Touch (ACTION_UP): 0:(93.03061,1685.9463)
:Sending Touch (ACTION_DOWN): 0:(404.0,131.0)
:Sending Touch (ACTION_UP): 0:(389.47827,111.97504)
:Sending Touch (ACTION_DOWN): 0:(385.0,1360.0)
:Sending Touch (ACTION_UP): 0:(383.30493,1336.9208)
:Sending Touch (ACTION_DOWN): 0:(694.0,1687.0)
:Sending Touch (ACTION_UP): 0:(681.8466,1759.1586)
:Sending Touch (ACTION_DOWN): 0:(1076.0,156.0)
:Sending Touch (ACTION_UP): 0:(1080.0,144.52106)
:Sending Touch (ACTION_DOWN): 0:(407.0,1051.0)
:Sending Touch (ACTION_UP): 0:(420.58884,1066.6366)
:Sending Touch (ACTION_DOWN): 0:(939.0,123.0)
:Sending Touch (ACTION_UP): 0:(939.3074,128.99777)
:Sending Trackball (ACTION_MOVE): 0:(3.0,-5.0)
:Sending Touch (ACTION_DOWN): 0:(328.0,903.0)
:Sending Touch (ACTION_UP): 0:(317.0519,906.191)
:Sending Touch (ACTION_DOWN): 0:(642.0,629.0)
:Sending Touch (ACTION_UP): 0:(551.47473,738.01746)
:Sending Touch (ACTION_DOWN): 0:(503.0,187.0)
:Sending Touch (ACTION_UP): 0:(504.5895,195.12343)
:Sending Touch (ACTION_DOWN): 0:(478.0,679.0)
:Sending Touch (ACTION_UP): 0:(530.5709,676.61725)
:Sending Trackball (ACTION_MOVE): 0:(4.0,1.0)
    //[calendar_time:2023-02-12 13:46:43.392  system_uptime:16614957]
    // Sending event #100
:Sending Touch (ACTION_DOWN): 0:(968.0,1085.0)
:Sending Touch (ACTION_UP): 0:(954.3011,1078.0593)
:Switch: #Intent;action=android.intent.action.MAIN;category=android.intent.category.LAUNCHER;launchFlags=0x10200000;component=rodrigodavy.com.github.pixelartist/.MainActivity;end
    // Allowing start of Intent { act=android.intent.action.MAIN cat=[android.intent.category.LAUNCHER] cmp=rodrigodavy.com.github.pixelartist/.MainActivity } in package rodrigodavy.com.github.pixelartist
:Sending Touch (ACTION_DOWN): 0:(500.0,291.0)
:Sending Touch (ACTION_UP): 0:(428.07315,294.50833)
:Sending Trackball (ACTION_MOVE): 0:(0.0,-4.0)
:Sending Touch (ACTION_DOWN): 0:(887.0,527.0)
:Sending Touch (ACTION_UP): 0:(898.44415,539.93945)
:Sending Trackball (ACTION_MOVE): 0:(1.0,1.0)
:Sending Trackball (ACTION_UP): 0:(0.0,0.0)
:Sending Touch (ACTION_DOWN): 0:(733.0,118.0)
:Sending Touch (ACTION_UP): 0:(746.7808,128.29797)
:Sending Touch (ACTION_DOWN): 0:(598.0,207.0)
:Sending Touch (ACTION_UP): 0:(622.5996,265.18332)
:Sending Touch (ACTION_DOWN): 0:(941.0,956.0)
:Sending Touch (ACTION_UP): 0:(928.12415,959.1885)
:Sending Touch (ACTION_DOWN): 0:(12.0,107.0)
:Sending Touch (ACTION_UP): 0:(2.9798975,93.66569)
:Sending Trackball (ACTION_MOVE): 0:(3.0,2.0)
:Sending Touch (ACTION_DOWN): 0:(886.0,1727.0)
:Sending Touch (ACTION_UP): 0:(886.73865,1741.4219)
:Sending Touch (ACTION_DOWN): 0:(762.0,985.0)
    //[calendar_time:2023-02-12 13:46:46.855  system_uptime:16618419]
    // Sending event #200
:Sending Touch (ACTION_UP): 0:(715.45496,949.4129)
:Sending Trackball (ACTION_MOVE): 0:(2.0,4.0)
:Sending Touch (ACTION_DOWN): 0:(607.0,1936.0)
:Sending Touch (ACTION_UP): 0:(607.50854,1943.2432)
:Sending Touch (ACTION_DOWN): 0:(752.0,1544.0)
:Sending Touch (ACTION_UP): 0:(758.8799,1543.5437)
:Sending Touch (ACTION_DOWN): 0:(367.0,1779.0)
:Sending Touch (ACTION_UP): 0:(394.39972,1807.0454)
:Sending Touch (ACTION_DOWN): 0:(799.0,51.0)
:Sending Touch (ACTION_UP): 0:(817.0776,159.95839)
:Sending Touch (ACTION_DOWN): 0:(698.0,145.0)
:Sending Touch (ACTION_UP): 0:(698.92346,157.63753)
:Sending Touch (ACTION_DOWN): 0:(1.0,1513.0)
:Sending Touch (ACTION_UP): 0:(8.798315,1522.6942)
:Sending Trackball (ACTION_MOVE): 0:(0.0,0.0)
:Sending Touch (ACTION_DOWN): 0:(943.0,373.0)
:Sending Touch (ACTION_UP): 0:(934.9783,348.9116)
:Sending Touch (ACTION_DOWN): 0:(875.0,372.0)
:Sending Touch (ACTION_UP): 0:(886.23456,382.50256)
:Sending Touch (ACTION_DOWN): 0:(420.0,786.0)
:Sending Touch (ACTION_UP): 0:(414.369,785.43024)
:Sending Touch (ACTION_DOWN): 0:(705.0,1605.0)
:Sending Touch (ACTION_UP): 0:(705.17084,1606.5419)
:Sending Touch (ACTION_DOWN): 0:(502.0,1531.0)
:Sending Touch (ACTION_UP): 0:(559.57684,1521.9568)
    //[calendar_time:2023-02-12 13:46:49.856  system_uptime:16621420]
    // Sending event #300
    //[calendar_time:2023-02-12 13:46:49.915  system_uptime:16621480]
    // Sending event #300
:Sending Touch (ACTION_DOWN): 0:(201.0,566.0)
:Sending Touch (ACTION_UP): 0:(200.95634,567.0967)
:Sending Touch (ACTION_DOWN): 0:(475.0,2095.0)
:Sending Touch (ACTION_UP): 0:(481.3365,2109.0)
:Sending Flip keyboardOpen=false
:Sending Touch (ACTION_DOWN): 0:(296.0,566.0)
:Sending Touch (ACTION_UP): 0:(280.82224,570.6224)
:Sending Touch (ACTION_DOWN): 0:(46.0,663.0)
:Sending Touch (ACTION_UP): 0:(57.89774,644.0975)
:Sending Touch (ACTION_DOWN): 0:(1027.0,1176.0)
:Sending Touch (ACTION_UP): 0:(947.6782,1155.4026)
:Sending Touch (ACTION_DOWN): 0:(936.0,868.0)
:Sending Touch (ACTION_UP): 0:(921.52826,860.65436)
:Sending Touch (ACTION_DOWN): 0:(824.0,387.0)
:Sending Touch (ACTION_UP): 0:(823.18317,355.27606)
:Sending Trackball (ACTION_MOVE): 0:(-2.0,-2.0)
:Sending Touch (ACTION_DOWN): 0:(141.0,641.0)
:Sending Touch (ACTION_UP): 0:(131.39212,657.42896)
:Sending Touch (ACTION_DOWN): 0:(723.0,2016.0)
:Sending Touch (ACTION_UP): 0:(721.59,2015.8115)
:Sending Touch (ACTION_DOWN): 0:(286.0,1209.0)
:Sending Touch (ACTION_UP): 0:(239.1476,1255.0972)
:Sending Trackball (ACTION_MOVE): 0:(3.0,-2.0)
:Sending Touch (ACTION_DOWN): 0:(574.0,955.0)
:Sending Touch (ACTION_UP): 0:(595.0471,881.8338)
    // Injection Failed
:Sending Touch (ACTION_DOWN): 0:(1024.0,838.0)
:Sending Touch (ACTION_UP): 0:(1076.5541,809.9335)
:Sending Trackball (ACTION_MOVE): 0:(-4.0,-2.0)
:Sending Touch (ACTION_DOWN): 0:(783.0,1670.0)
    //[calendar_time:2023-02-12 13:46:53.696  system_uptime:16625260]
    // Sending event #400
:Sending Touch (ACTION_UP): 0:(785.54895,1661.3949)
:Sending Trackball (ACTION_MOVE): 0:(2.0,-1.0)
:Sending Touch (ACTION_DOWN): 0:(825.0,1857.0)
:Sending Touch (ACTION_UP): 0:(901.4873,1928.1162)
:Sending Touch (ACTION_DOWN): 0:(492.0,488.0)
:Sending Touch (ACTION_UP): 0:(495.89297,503.9419)
:Sending Touch (ACTION_DOWN): 0:(284.0,96.0)
:Sending Touch (ACTION_UP): 0:(332.1314,82.29695)
:Sending Touch (ACTION_DOWN): 0:(433.0,2020.0)
:Sending Touch (ACTION_UP): 0:(434.36673,2016.4713)
:Sending Touch (ACTION_DOWN): 0:(668.0,853.0)
:Sending Touch (ACTION_UP): 0:(663.0399,864.83765)
:Sending Trackball (ACTION_MOVE): 0:(-5.0,0.0)
:Sending Touch (ACTION_DOWN): 0:(131.0,386.0)
:Sending Touch (ACTION_UP): 0:(130.34462,377.33838)
:Sending Touch (ACTION_DOWN): 0:(601.0,903.0)
:Sending Touch (ACTION_UP): 0:(665.86615,943.83545)
:Sending Touch (ACTION_DOWN): 0:(381.0,661.0)
:Sending Touch (ACTION_UP): 0:(380.97534,668.86896)
:Sending Touch (ACTION_DOWN): 0:(800.0,1801.0)
:Sending Touch (ACTION_UP): 0:(801.9534,1813.9413)
:Sending Touch (ACTION_DOWN): 0:(594.0,698.0)
    //[calendar_time:2023-02-12 13:46:56.401  system_uptime:16627966]
    // Sending event #500
:Sending Touch (ACTION_UP): 0:(593.273,629.4558)
:Sending Trackball (ACTION_MOVE): 0:(-2.0,-4.0)
:Sending Touch (ACTION_DOWN): 0:(44.0,1678.0)
:Sending Touch (ACTION_UP): 0:(45.159874,1699.7303)
:Sending Touch (ACTION_DOWN): 0:(351.0,1497.0)
:Sending Touch (ACTION_UP): 0:(366.5674,1496.4503)
:Sending Touch (ACTION_DOWN): 0:(734.0,2036.0)
:Sending Touch (ACTION_UP): 0:(729.3052,2050.0896)
:Sending Touch (ACTION_DOWN): 0:(214.0,751.0)
:Sending Touch (ACTION_UP): 0:(217.90088,736.93677)
    // Allowing start of Intent { act=android.intent.action.MAIN cat=[android.intent.category.HOME] cmp=com.google.android.apps.nexuslauncher/.NexusLauncherActivity } in package com.google.android.apps.nexuslauncher
:Sending Touch (ACTION_DOWN): 0:(744.0,309.0)
:Sending Touch (ACTION_UP): 0:(736.4508,303.07645)
:Sending Touch (ACTION_DOWN): 0:(888.0,1774.0)
:Sending Touch (ACTION_UP): 0:(892.97546,1780.3629)
    // Injection Failed
:Sending Flip keyboardOpen=true
:Switch: #Intent;action=android.intent.action.MAIN;category=android.intent.category.LAUNCHER;launchFlags=0x10200000;component=rodrigodavy.com.github.pixelartist/.MainActivity;end
    // Allowing start of Intent { act=android.intent.action.MAIN cat=[android.intent.category.LAUNCHER] cmp=rodrigodavy.com.github.pixelartist/.MainActivity } in package rodrigodavy.com.github.pixelartist
:Sending Trackball (ACTION_MOVE): 0:(-5.0,3.0)
:Sending Touch (ACTION_DOWN): 0:(402.0,318.0)
:Sending Touch (ACTION_UP): 0:(387.56186,319.26865)
:Sending Touch (ACTION_DOWN): 0:(572.0,723.0)
:Sending Touch (ACTION_UP): 0:(587.4781,797.72327)
:Sending Touch (ACTION_DOWN): 0:(169.0,1821.0)
:Sending Touch (ACTION_UP): 0:(169.70554,1791.7551)
:Sending Touch (ACTION_DOWN): 0:(652.0,359.0)
:Sending Touch (ACTION_UP): 0:(591.8319,401.02896)
:Sending Trackball (ACTION_MOVE): 0:(3.0,4.0)
    //[calendar_time:2023-02-12 13:47:02.071  system_uptime:16633636]
    // Sending event #600
:Sending Touch (ACTION_DOWN): 0:(625.0,1613.0)
:Sending Touch (ACTION_UP): 0:(618.0643,1609.6268)
:Sending Trackball (ACTION_MOVE): 0:(1.0,2.0)
:Sending Trackball (ACTION_MOVE): 0:(1.0,-4.0)
:Sending Trackball (ACTION_MOVE): 0:(-3.0,4.0)
:Sending Touch (ACTION_DOWN): 0:(442.0,58.0)
:Sending Touch (ACTION_UP): 0:(445.24667,47.812645)
:Sending Trackball (ACTION_MOVE): 0:(-5.0,-4.0)
:Sending Touch (ACTION_DOWN): 0:(201.0,1485.0)
:Sending Touch (ACTION_UP): 0:(205.9386,1491.2683)
:Sending Touch (ACTION_DOWN): 0:(737.0,1397.0)
:Sending Touch (ACTION_UP): 0:(653.90216,1410.968)
:Switch: #Intent;action=android.intent.action.MAIN;category=android.intent.category.LAUNCHER;launchFlags=0x10200000;component=rodrigodavy.com.github.pixelartist/.MainActivity;end
    // Allowing start of Intent { act=android.intent.action.MAIN cat=[android.intent.category.LAUNCHER] cmp=rodrigodavy.com.github.pixelartist/.MainActivity } in package rodrigodavy.com.github.pixelartist
    // Rejecting start of Intent { act=com.android.intent.action.SHOW_BRIGHTNESS_DIALOG cmp=com.android.systemui/.settings.BrightnessDialog } in package com.android.systemui
:Sending Touch (ACTION_DOWN): 0:(689.0,337.0)
:Sending Touch (ACTION_UP): 0:(679.52264,351.23953)
:Sending Trackball (ACTION_MOVE): 0:(0.0,-1.0)
:Sending Trackball (ACTION_MOVE): 0:(2.0,-3.0)
    //[calendar_time:2023-02-12 13:47:05.446  system_uptime:16637011]
    // Sending event #700
:Sending Trackball (ACTION_MOVE): 0:(4.0,4.0)
:Sending Touch (ACTION_DOWN): 0:(756.0,457.0)
:Sending Touch (ACTION_UP): 0:(755.6936,453.4365)
:Sending Flip keyboardOpen=false
:Switch: #Intent;action=android.intent.action.MAIN;category=android.intent.category.LAUNCHER;launchFlags=0x10200000;component=rodrigodavy.com.github.pixelartist/.MainActivity;end
    // Allowing start of Intent { act=android.intent.action.MAIN cat=[android.intent.category.LAUNCHER] cmp=rodrigodavy.com.github.pixelartist/.MainActivity } in package rodrigodavy.com.github.pixelartist
:Sending Trackball (ACTION_MOVE): 0:(2.0,3.0)
:Sending Touch (ACTION_DOWN): 0:(277.0,1438.0)
:Sending Touch (ACTION_UP): 0:(277.99985,1435.7007)
:Sending Touch (ACTION_DOWN): 0:(485.0,1907.0)
:Sending Touch (ACTION_UP): 0:(487.92236,1898.2181)
:Sending Trackball (ACTION_MOVE): 0:(1.0,-3.0)
:Sending Touch (ACTION_DOWN): 0:(188.0,1924.0)
:Sending Touch (ACTION_UP): 0:(241.616,1894.1914)
:Switch: #Intent;action=android.intent.action.MAIN;category=android.intent.category.LAUNCHER;launchFlags=0x10200000;component=rodrigodavy.com.github.pixelartist/.MainActivity;end
    // Allowing start of Intent { act=android.intent.action.MAIN cat=[android.intent.category.LAUNCHER] cmp=rodrigodavy.com.github.pixelartist/.MainActivity } in package rodrigodavy.com.github.pixelartist
:Sending Touch (ACTION_DOWN): 0:(976.0,331.0)
:Sending Touch (ACTION_UP): 0:(975.03107,326.12903)
:Sending Trackball (ACTION_MOVE): 0:(-5.0,2.0)
:Sending Touch (ACTION_DOWN): 0:(724.0,87.0)
:Sending Touch (ACTION_UP): 0:(731.2617,91.49471)
    //[calendar_time:2023-02-12 13:47:10.147  system_uptime:16641713]
    // Sending event #800
    //[calendar_time:2023-02-12 13:47:10.199  system_uptime:16641764]
    // Sending event #800
:Sending Touch (ACTION_DOWN): 0:(269.0,279.0)
:Sending Touch (ACTION_UP): 0:(238.96669,246.47441)
:Sending Touch (ACTION_DOWN): 0:(18.0,1893.0)
:Sending Touch (ACTION_UP): 0:(27.82075,1890.1378)
:Sending Touch (ACTION_DOWN): 0:(882.0,85.0)
:Sending Touch (ACTION_UP): 0:(869.86847,85.240906)
:Sending Touch (ACTION_DOWN): 0:(713.0,1766.0)
:Sending Touch (ACTION_UP): 0:(733.10406,1769.5583)
:Sending Touch (ACTION_DOWN): 0:(759.0,263.0)
:Sending Touch (ACTION_UP): 0:(763.39386,251.62509)
:Sending Trackball (ACTION_MOVE): 0:(-3.0,0.0)
:Sending Trackball (ACTION_UP): 0:(0.0,0.0)
:Sending Touch (ACTION_DOWN): 0:(754.0,1899.0)
:Sending Touch (ACTION_UP): 0:(789.13965,1854.7244)
:Sending Trackball (ACTION_MOVE): 0:(-3.0,4.0)
:Sending Touch (ACTION_DOWN): 0:(845.0,455.0)
:Sending Touch (ACTION_UP): 0:(841.0707,447.94263)
:Sending Touch (ACTION_DOWN): 0:(436.0,814.0)
:Sending Touch (ACTION_UP): 0:(428.47476,807.96075)
:Sending Touch (ACTION_DOWN): 0:(136.0,816.0)
:Sending Touch (ACTION_UP): 0:(132.90865,826.2688)
:Sending Trackball (ACTION_MOVE): 0:(2.0,0.0)
:Sending Trackball (ACTION_MOVE): 0:(-5.0,1.0)
    //[calendar_time:2023-02-12 13:47:13.158  system_uptime:16644722]
    // Sending event #900
:Sending Touch (ACTION_DOWN): 0:(398.0,1817.0)
:Sending Touch (ACTION_UP): 0:(468.653,1865.0732)
:Sending Touch (ACTION_DOWN): 0:(840.0,1129.0)
:Sending Touch (ACTION_UP): 0:(834.80365,1128.5543)
:Sending Trackball (ACTION_MOVE): 0:(-1.0,4.0)
:Sending Trackball (ACTION_UP): 0:(0.0,0.0)
:Sending Touch (ACTION_DOWN): 0:(145.0,937.0)
:Sending Touch (ACTION_UP): 0:(199.82498,937.716)
:Sending Trackball (ACTION_MOVE): 0:(3.0,4.0)
:Sending Touch (ACTION_DOWN): 0:(255.0,500.0)
:Sending Touch (ACTION_UP): 0:(249.5535,500.60715)
:Sending Trackball (ACTION_MOVE): 0:(2.0,4.0)
:Sending Trackball (ACTION_MOVE): 0:(-2.0,0.0)
:Switch: #Intent;action=android.intent.action.MAIN;category=android.intent.category.LAUNCHER;launchFlags=0x10200000;component=rodrigodavy.com.github.pixelartist/.MainActivity;end
    // Allowing start of Intent { act=android.intent.action.MAIN cat=[android.intent.category.LAUNCHER] cmp=rodrigodavy.com.github.pixelartist/.MainActivity } in package rodrigodavy.com.github.pixelartist
:Sending Trackball (ACTION_MOVE): 0:(2.0,1.0)
    //[calendar_time:2023-02-12 13:47:16.267  system_uptime:16647832]
    // Sending event #1000
:Sending Touch (ACTION_DOWN): 0:(671.0,1867.0)
:Sending Touch (ACTION_UP): 0:(670.93475,1872.2622)
:Sending Touch (ACTION_DOWN): 0:(99.0,1640.0)
:Sending Touch (ACTION_UP): 0:(99.30208,1638.4606)
:Sending Touch (ACTION_DOWN): 0:(847.0,2023.0)
:Sending Touch (ACTION_UP): 0:(846.631,2018.5638)
:Sending Touch (ACTION_DOWN): 0:(928.0,939.0)
:Sending Touch (ACTION_UP): 0:(918.8731,938.3798)
:Sending Touch (ACTION_DOWN): 0:(840.0,433.0)
:Sending Touch (ACTION_UP): 0:(794.0749,401.0197)
    // Injection Failed
:Switch: #Intent;action=android.intent.action.MAIN;category=android.intent.category.LAUNCHER;launchFlags=0x10200000;component=rodrigodavy.com.github.pixelartist/.MainActivity;end
    // Allowing start of Intent { act=android.intent.action.MAIN cat=[android.intent.category.LAUNCHER] cmp=rodrigodavy.com.github.pixelartist/.MainActivity } in package rodrigodavy.com.github.pixelartist
:Sending Touch (ACTION_DOWN): 0:(703.0,1353.0)
:Sending Touch (ACTION_UP): 0:(709.02203,1379.8417)
:Sending Touch (ACTION_DOWN): 0:(346.0,1757.0)
:Sending Touch (ACTION_UP): 0:(345.2147,1746.5363)
:Sending Trackball (ACTION_MOVE): 0:(0.0,-4.0)
:Sending Touch (ACTION_DOWN): 0:(361.0,608.0)
:Sending Touch (ACTION_UP): 0:(362.28046,617.07465)
:Sending Touch (ACTION_DOWN): 0:(559.0,166.0)
:Sending Touch (ACTION_UP): 0:(567.16486,161.01457)
:Sending Touch (ACTION_DOWN): 0:(140.0,33.0)
:Sending Touch (ACTION_UP): 0:(143.62454,36.773994)
:Sending Touch (ACTION_DOWN): 0:(595.0,786.0)
:Sending Touch (ACTION_UP): 0:(639.21893,805.4607)
:Sending Touch (ACTION_DOWN): 0:(664.0,1983.0)
:Sending Touch (ACTION_UP): 0:(652.8593,1972.3638)
:Sending Touch (ACTION_DOWN): 0:(54.0,178.0)
:Sending Touch (ACTION_UP): 0:(50.343094,191.8165)
:Sending Trackball (ACTION_MOVE): 0:(-3.0,0.0)
:Sending Touch (ACTION_DOWN): 0:(863.0,1689.0)
    //[calendar_time:2023-02-12 13:47:20.182  system_uptime:16651747]
    // Sending event #1100
:Sending Touch (ACTION_UP): 0:(838.7397,1753.0604)
:Sending Touch (ACTION_DOWN): 0:(1031.0,383.0)
:Sending Touch (ACTION_UP): 0:(1025.9567,390.4061)
:Sending Touch (ACTION_DOWN): 0:(718.0,819.0)
:Sending Touch (ACTION_UP): 0:(715.03253,812.75)
:Sending Trackball (ACTION_MOVE): 0:(-2.0,-5.0)
:Sending Trackball (ACTION_MOVE): 0:(3.0,2.0)
:Sending Touch (ACTION_DOWN): 0:(232.0,1694.0)
:Sending Touch (ACTION_UP): 0:(231.43028,1677.9857)
:Sending Touch (ACTION_DOWN): 0:(917.0,592.0)
:Sending Touch (ACTION_UP): 0:(864.47015,557.17993)
:Sending Touch (ACTION_DOWN): 0:(992.0,1010.0)
:Sending Touch (ACTION_UP): 0:(993.97906,1009.77)
:Sending Trackball (ACTION_MOVE): 0:(-1.0,-1.0)
:Sending Trackball (ACTION_MOVE): 0:(-1.0,4.0)
:Sending Trackball (ACTION_UP): 0:(0.0,0.0)
:Sending Touch (ACTION_DOWN): 0:(565.0,1469.0)
:Sending Touch (ACTION_UP): 0:(583.61957,1519.7263)
:Sending Trackball (ACTION_MOVE): 0:(2.0,4.0)
    //[calendar_time:2023-02-12 13:47:22.457  system_uptime:16654021]
    // Sending event #1200
:Sending Trackball (ACTION_UP): 0:(0.0,0.0)
:Sending Trackball (ACTION_MOVE): 0:(1.0,2.0)
:Sending Touch (ACTION_DOWN): 0:(143.0,1662.0)
:Sending Touch (ACTION_UP): 0:(161.14102,1721.6243)
:Sending Touch (ACTION_DOWN): 0:(184.0,1301.0)
:Sending Touch (ACTION_UP): 0:(196.59407,1394.404)
:Sending Touch (ACTION_DOWN): 0:(140.0,1446.0)
:Sending Touch (ACTION_UP): 0:(148.23262,1445.0642)
:Sending Touch (ACTION_DOWN): 0:(313.0,396.0)
:Sending Touch (ACTION_UP): 0:(310.2601,341.7688)
:Sending Trackball (ACTION_MOVE): 0:(-4.0,4.0)
:Sending Trackball (ACTION_MOVE): 0:(-5.0,0.0)
:Sending Touch (ACTION_DOWN): 0:(181.0,831.0)
:Sending Touch (ACTION_UP): 0:(182.00237,843.75494)
:Sending Touch (ACTION_DOWN): 0:(945.0,1899.0)
:Sending Touch (ACTION_UP): 0:(945.1233,1895.2015)
:Sending Touch (ACTION_DOWN): 0:(532.0,1388.0)
    //[calendar_time:2023-02-12 13:47:24.709  system_uptime:16656274]
    // Sending event #1300
:Sending Touch (ACTION_UP): 0:(593.7722,1355.3911)
:Sending Trackball (ACTION_MOVE): 0:(1.0,-5.0)
:Sending Trackball (ACTION_UP): 0:(0.0,0.0)
:Sending Trackball (ACTION_MOVE): 0:(0.0,-4.0)
:Sending Touch (ACTION_DOWN): 0:(414.0,971.0)
:Sending Touch (ACTION_UP): 0:(451.78314,926.04175)
:Sending Touch (ACTION_DOWN): 0:(158.0,1452.0)
:Sending Touch (ACTION_UP): 0:(131.97987,1423.458)
:Sending Touch (ACTION_DOWN): 0:(98.0,541.0)
:Sending Touch (ACTION_UP): 0:(166.87485,445.55225)
:Sending Trackball (ACTION_MOVE): 0:(2.0,-4.0)
:Sending Touch (ACTION_DOWN): 0:(81.0,1656.0)
:Sending Touch (ACTION_UP): 0:(58.643204,1719.8682)
:Sending Trackball (ACTION_MOVE): 0:(4.0,0.0)
    //[calendar_time:2023-02-12 13:47:26.768  system_uptime:16658332]
    // Sending event #1400
:Sending Touch (ACTION_DOWN): 0:(715.0,1213.0)
:Sending Touch (ACTION_UP): 0:(727.7309,1146.3221)
:Sending Touch (ACTION_DOWN): 0:(546.0,984.0)
:Sending Touch (ACTION_UP): 0:(555.13434,980.5355)
:Sending Touch (ACTION_DOWN): 0:(824.0,713.0)
:Sending Touch (ACTION_UP): 0:(825.53235,711.07263)
:Sending Trackball (ACTION_MOVE): 0:(3.0,-4.0)
:Sending Touch (ACTION_DOWN): 0:(585.0,1967.0)
:Sending Touch (ACTION_UP): 0:(575.76666,1949.4081)
:Switch: #Intent;action=android.intent.action.MAIN;category=android.intent.category.LAUNCHER;launchFlags=0x10200000;component=rodrigodavy.com.github.pixelartist/.MainActivity;end
    // Allowing start of Intent { act=android.intent.action.MAIN cat=[android.intent.category.LAUNCHER] cmp=rodrigodavy.com.github.pixelartist/.MainActivity } in package rodrigodavy.com.github.pixelartist
:Sending Touch (ACTION_DOWN): 0:(653.0,1138.0)
:Sending Touch (ACTION_UP): 0:(544.4438,1204.3196)
:Switch: #Intent;action=android.intent.action.MAIN;category=android.intent.category.LAUNCHER;launchFlags=0x10200000;component=rodrigodavy.com.github.pixelartist/.MainActivity;end
    // Allowing start of Intent { act=android.intent.action.MAIN cat=[android.intent.category.LAUNCHER] cmp=rodrigodavy.com.github.pixelartist/.MainActivity } in package rodrigodavy.com.github.pixelartist
:Sending Trackball (ACTION_MOVE): 0:(0.0,1.0)
:Sending Trackball (ACTION_UP): 0:(0.0,0.0)
:Sending Touch (ACTION_DOWN): 0:(442.0,533.0)
:Sending Touch (ACTION_UP): 0:(438.29178,534.0465)
:Sending Touch (ACTION_DOWN): 0:(473.0,820.0)
:Sending Touch (ACTION_UP): 0:(492.3079,732.98755)
:Sending Touch (ACTION_DOWN): 0:(832.0,1702.0)
:Sending Touch (ACTION_UP): 0:(831.7034,1703.8254)
:Sending Touch (ACTION_DOWN): 0:(721.0,517.0)
:Sending Touch (ACTION_UP): 0:(724.31573,517.3581)
:Sending Touch (ACTION_DOWN): 0:(985.0,1553.0)
:Sending Touch (ACTION_UP): 0:(969.78143,1553.4056)
:Switch: #Intent;action=android.intent.action.MAIN;category=android.intent.category.LAUNCHER;launchFlags=0x10200000;component=rodrigodavy.com.github.pixelartist/.MainActivity;end
    // Allowing start of Intent { act=android.intent.action.MAIN cat=[android.intent.category.LAUNCHER] cmp=rodrigodavy.com.github.pixelartist/.MainActivity } in package rodrigodavy.com.github.pixelartist
:Sending Trackball (ACTION_MOVE): 0:(-2.0,2.0)
    //[calendar_time:2023-02-12 13:47:31.881  system_uptime:16663445]
    // Sending event #1500
:Sending Touch (ACTION_DOWN): 0:(708.0,1105.0)
:Sending Touch (ACTION_UP): 0:(673.00433,1170.1477)
:Sending Touch (ACTION_DOWN): 0:(257.0,1730.0)
:Sending Touch (ACTION_UP): 0:(257.68616,1730.2184)
:Sending Trackball (ACTION_MOVE): 0:(4.0,-4.0)
:Sending Touch (ACTION_DOWN): 0:(176.0,873.0)
:Sending Touch (ACTION_UP): 0:(167.14563,872.7098)
:Sending Touch (ACTION_DOWN): 0:(71.0,1056.0)
:Sending Touch (ACTION_UP): 0:(71.25994,1064.2759)
:Sending Touch (ACTION_DOWN): 0:(627.0,1667.0)
:Sending Touch (ACTION_UP): 0:(625.97876,1663.106)
:Sending Touch (ACTION_DOWN): 0:(216.0,1702.0)
:Sending Touch (ACTION_UP): 0:(233.9399,1706.3486)
:Sending Touch (ACTION_DOWN): 0:(952.0,1347.0)
:Sending Touch (ACTION_UP): 0:(946.187,1410.6335)
:Sending Touch (ACTION_DOWN): 0:(330.0,587.0)
:Sending Touch (ACTION_UP): 0:(244.64899,584.3402)
:Sending Touch (ACTION_DOWN): 0:(481.0,164.0)
:Sending Touch (ACTION_UP): 0:(483.11847,171.22191)
:Sending Touch (ACTION_DOWN): 0:(168.0,322.0)
:Sending Touch (ACTION_UP): 0:(224.92302,324.5434)
:Sending Touch (ACTION_DOWN): 0:(301.0,1602.0)
:Sending Touch (ACTION_UP): 0:(299.99744,1596.575)
:Sending Touch (ACTION_DOWN): 0:(1037.0,270.0)
:Sending Touch (ACTION_UP): 0:(1080.0,325.14066)
:Sending Touch (ACTION_DOWN): 0:(280.0,569.0)
:Sending Touch (ACTION_UP): 0:(218.45367,482.9424)
:Sending Touch (ACTION_DOWN): 0:(918.0,1327.0)
:Sending Touch (ACTION_UP): 0:(919.44635,1323.3679)
:Sending Touch (ACTION_DOWN): 0:(784.0,1237.0)
    //[calendar_time:2023-02-12 13:47:34.407  system_uptime:16665971]
    // Sending event #1600
:Sending Touch (ACTION_UP): 0:(783.49054,1223.5212)
:Sending Touch (ACTION_DOWN): 0:(382.0,1748.0)
:Sending Touch (ACTION_UP): 0:(352.7292,1735.4382)
:Sending Trackball (ACTION_MOVE): 0:(-4.0,2.0)
:Sending Touch (ACTION_DOWN): 0:(788.0,436.0)
:Sending Touch (ACTION_UP): 0:(777.9768,414.73428)
:Switch: #Intent;action=android.intent.action.MAIN;category=android.intent.category.LAUNCHER;launchFlags=0x10200000;component=rodrigodavy.com.github.pixelartist/.MainActivity;end
    // Allowing start of Intent { act=android.intent.action.MAIN cat=[android.intent.category.LAUNCHER] cmp=rodrigodavy.com.github.pixelartist/.MainActivity } in package rodrigodavy.com.github.pixelartist
:Sending Touch (ACTION_DOWN): 0:(652.0,2101.0)
:Sending Touch (ACTION_UP): 0:(653.4185,2108.6821)
:Sending Trackball (ACTION_MOVE): 0:(-5.0,-1.0)
:Sending Trackball (ACTION_MOVE): 0:(1.0,-3.0)
:Sending Touch (ACTION_DOWN): 0:(40.0,952.0)
:Sending Touch (ACTION_UP): 0:(36.84516,951.65924)
:Sending Touch (ACTION_DOWN): 0:(366.0,170.0)
:Sending Touch (ACTION_UP): 0:(350.3174,171.29411)
:Sending Touch (ACTION_DOWN): 0:(452.0,1729.0)
:Sending Touch (ACTION_UP): 0:(450.86603,1731.634)
:Sending Touch (ACTION_DOWN): 0:(768.0,772.0)
:Sending Touch (ACTION_UP): 0:(816.8051,800.10284)
:Sending Touch (ACTION_DOWN): 0:(903.0,737.0)
:Sending Touch (ACTION_UP): 0:(950.22833,699.71454)
:Sending Touch (ACTION_DOWN): 0:(710.0,1703.0)
:Sending Touch (ACTION_UP): 0:(694.4544,1744.5409)
    //[calendar_time:2023-02-12 13:47:38.284  system_uptime:16669849]
    // Sending event #1700
    //[calendar_time:2023-02-12 13:47:38.341  system_uptime:16669906]
    // Sending event #1700
:Sending Touch (ACTION_DOWN): 0:(791.0,2099.0)
:Sending Touch (ACTION_UP): 0:(890.184,2075.087)
:Sending Touch (ACTION_DOWN): 0:(875.0,438.0)
:Sending Touch (ACTION_UP): 0:(878.56915,423.72134)
:Sending Touch (ACTION_DOWN): 0:(722.0,331.0)
:Sending Touch (ACTION_UP): 0:(727.93536,330.46124)
:Sending Touch (ACTION_DOWN): 0:(576.0,1585.0)
:Sending Touch (ACTION_UP): 0:(532.87866,1503.9202)
:Sending Trackball (ACTION_MOVE): 0:(-1.0,-2.0)
:Sending Touch (ACTION_DOWN): 0:(464.0,1395.0)
:Sending Touch (ACTION_UP): 0:(457.75842,1393.6464)
:Sending Trackball (ACTION_MOVE): 0:(3.0,-3.0)
:Sending Trackball (ACTION_MOVE): 0:(-4.0,4.0)
:Sending Trackball (ACTION_MOVE): 0:(1.0,4.0)
:Sending Trackball (ACTION_MOVE): 0:(2.0,-1.0)
:Sending Touch (ACTION_DOWN): 0:(910.0,453.0)
:Sending Touch (ACTION_UP): 0:(931.28314,462.05157)
    //[calendar_time:2023-02-12 13:47:40.835  system_uptime:16672400]
    // Sending event #1800
:Sending Touch (ACTION_DOWN): 0:(508.0,1273.0)
:Sending Touch (ACTION_UP): 0:(507.66397,1253.8019)
:Sending Touch (ACTION_DOWN): 0:(714.0,1399.0)
:Sending Touch (ACTION_UP): 0:(713.7743,1397.5682)
:Sending Flip keyboardOpen=true
:Sending Touch (ACTION_DOWN): 0:(262.0,770.0)
:Sending Touch (ACTION_UP): 0:(255.13712,770.2177)
:Sending Touch (ACTION_DOWN): 0:(916.0,457.0)
:Sending Touch (ACTION_UP): 0:(907.0826,430.03198)
:Sending Touch (ACTION_DOWN): 0:(259.0,521.0)
:Sending Touch (ACTION_UP): 0:(253.64812,510.24075)
:Sending Trackball (ACTION_MOVE): 0:(-4.0,2.0)
:Sending Trackball (ACTION_MOVE): 0:(3.0,-1.0)
:Sending Touch (ACTION_DOWN): 0:(824.0,1467.0)
:Sending Touch (ACTION_UP): 0:(823.6407,1463.9197)
:Sending Touch (ACTION_DOWN): 0:(411.0,412.0)
:Sending Touch (ACTION_UP): 0:(413.23358,499.9171)
:Sending Touch (ACTION_DOWN): 0:(866.0,730.0)
:Sending Touch (ACTION_UP): 0:(873.10236,787.81494)
:Sending Trackball (ACTION_MOVE): 0:(-4.0,-5.0)
:Sending Touch (ACTION_DOWN): 0:(428.0,2048.0)
:Sending Touch (ACTION_UP): 0:(436.0831,2057.3123)
:Sending Touch (ACTION_DOWN): 0:(267.0,1975.0)
:Sending Touch (ACTION_UP): 0:(313.4596,1991.3352)
:Sending Touch (ACTION_DOWN): 0:(514.0,531.0)
:Sending Touch (ACTION_UP): 0:(589.6333,533.3135)
:Sending Trackball (ACTION_MOVE): 0:(0.0,0.0)
    //[calendar_time:2023-02-12 13:47:43.388  system_uptime:16674952]
    // Sending event #1900
:Sending Touch (ACTION_DOWN): 0:(616.0,1813.0)
:Sending Touch (ACTION_UP): 0:(612.8779,1808.6858)
:Sending Touch (ACTION_DOWN): 0:(566.0,1889.0)
:Sending Touch (ACTION_UP): 0:(562.58746,1896.261)
:Sending Trackball (ACTION_MOVE): 0:(1.0,3.0)
:Sending Trackball (ACTION_MOVE): 0:(1.0,2.0)
:Sending Touch (ACTION_DOWN): 0:(772.0,923.0)
:Sending Touch (ACTION_UP): 0:(750.82715,942.59344)
:Sending Touch (ACTION_DOWN): 0:(63.0,263.0)
:Sending Touch (ACTION_UP): 0:(47.827484,257.28406)
:Sending Touch (ACTION_DOWN): 0:(61.0,1558.0)
:Sending Touch (ACTION_UP): 0:(51.06718,1555.1777)
:Sending Trackball (ACTION_MOVE): 0:(-2.0,2.0)
:Sending Touch (ACTION_DOWN): 0:(637.0,863.0)
:Sending Touch (ACTION_UP): 0:(652.5643,884.833)
:Sending Trackball (ACTION_MOVE): 0:(-1.0,-5.0)
:Sending Trackball (ACTION_MOVE): 0:(-4.0,3.0)
:Sending Trackball (ACTION_MOVE): 0:(-5.0,4.0)
Events injected: 2000
:Sending rotation degree=0, persist=false
:Dropped: keys=1 pointers=2 trackballs=0 flips=0 rotations=0
## Network stats: elapsed time=65293ms (0ms mobile, 0ms wifi, 65293ms not connected)
// Monkey finished
